SF:lib/temperature_converter.dart
DA:11,3
DA:13,3
DA:15,3
DA:22,12
LF:4
LH:4
end_of_record
SF:lib/analog_clock.dart
DA:16,6
DA:18,2
DA:28,4
DA:30,2
DA:31,2
DA:32,2
DA:33,6
DA:37,2
DA:38,4
DA:39,2
DA:42,1
DA:43,1
DA:44,1
DA:49,2
DA:52,4
LF:15
LH:15
end_of_record
SF:lib/time_animation_controller.dart
DA:37,2
DA:40,2
DA:42,2
DA:43,2
DA:49,4
DA:50,4
DA:52,6
DA:53,2
DA:55,6
DA:56,2
DA:61,2
DA:65,4
DA:66,4
DA:67,2
DA:70,14
DA:74,2
DA:75,14
DA:76,2
DA:78,6
DA:79,6
DA:82,1
DA:83,7
DA:84,1
DA:90,4
DA:91,20
DA:100,2
LF:26
LH:26
end_of_record
SF:lib/main.dart
DA:14,2
DA:17,2
DA:25,4
DA:28,2
DA:31,2
DA:32,2
DA:41,2
LF:7
LH:7
end_of_record
